<?xml version="1.0" encoding="UTF-8"?>
<testsuites>
    <testsuite name="fastlane.lanes">


        <testcase name="0: default_platform" classname="fastlane.lanes" time="0.013632">

        </testcase>


        <testcase name="1: gradle" classname="fastlane.lanes" time="2.897543">

        </testcase>


        <testcase name="2: gradle" classname="fastlane.lanes" time="3.282586">

            <failure
                message="/Users/anilpathak/.rbenv/versions/2.3.1/lib/ruby/gems/2.3.0/gems/fastlane-2.101.1/fastlane/lib/fastlane/actions/actions_helper.rb:48:in `execute_action'&#10;/Users/anilpathak/.rbenv/versions/2.3.1/lib/ruby/gems/2.3.0/gems/fastlane-2.101.1/fastlane/lib/fastlane/runner.rb:232:in `block in execute_action'&#10;/Users/anilpathak/.rbenv/versions/2.3.1/lib/ruby/gems/2.3.0/gems/fastlane-2.101.1/fastlane/lib/fastlane/runner.rb:227:in `chdir'&#10;/Users/anilpathak/.rbenv/versions/2.3.1/lib/ruby/gems/2.3.0/gems/fastlane-2.101.1/fastlane/lib/fastlane/runner.rb:227:in `execute_action'&#10;/Users/anilpathak/.rbenv/versions/2.3.1/lib/ruby/gems/2.3.0/gems/fastlane-2.101.1/fastlane/lib/fastlane/runner.rb:157:in `trigger_action_by_name'&#10;/Users/anilpathak/.rbenv/versions/2.3.1/lib/ruby/gems/2.3.0/gems/fastlane-2.101.1/fastlane/lib/fastlane/fast_file.rb:149:in `method_missing'&#10;Fastfile:44:in `block (2 levels) in parsing_binding'&#10;/Users/anilpathak/.rbenv/versions/2.3.1/lib/ruby/gems/2.3.0/gems/fastlane-2.101.1/fastlane/lib/fastlane/lane.rb:33:in `call'&#10;/Users/anilpathak/.rbenv/versions/2.3.1/lib/ruby/gems/2.3.0/gems/fastlane-2.101.1/fastlane/lib/fastlane/runner.rb:49:in `block in execute'&#10;/Users/anilpathak/.rbenv/versions/2.3.1/lib/ruby/gems/2.3.0/gems/fastlane-2.101.1/fastlane/lib/fastlane/runner.rb:45:in `chdir'&#10;/Users/anilpathak/.rbenv/versions/2.3.1/lib/ruby/gems/2.3.0/gems/fastlane-2.101.1/fastlane/lib/fastlane/runner.rb:45:in `execute'&#10;/Users/anilpathak/.rbenv/versions/2.3.1/lib/ruby/gems/2.3.0/gems/fastlane-2.101.1/fastlane/lib/fastlane/lane_manager.rb:56:in `cruise_lane'&#10;/Users/anilpathak/.rbenv/versions/2.3.1/lib/ruby/gems/2.3.0/gems/fastlane-2.101.1/fastlane/lib/fastlane/command_line_handler.rb:36:in `handle'&#10;/Users/anilpathak/.rbenv/versions/2.3.1/lib/ruby/gems/2.3.0/gems/fastlane-2.101.1/fastlane/lib/fastlane/commands_generator.rb:108:in `block (2 levels) in run'&#10;/Users/anilpathak/.rbenv/versions/2.3.1/lib/ruby/gems/2.3.0/gems/commander-fastlane-4.4.6/lib/commander/command.rb:178:in `call'&#10;/Users/anilpathak/.rbenv/versions/2.3.1/lib/ruby/gems/2.3.0/gems/commander-fastlane-4.4.6/lib/commander/command.rb:153:in `run'&#10;/Users/anilpathak/.rbenv/versions/2.3.1/lib/ruby/gems/2.3.0/gems/commander-fastlane-4.4.6/lib/commander/runner.rb:476:in `run_active_command'&#10;/Users/anilpathak/.rbenv/versions/2.3.1/lib/ruby/gems/2.3.0/gems/fastlane-2.101.1/fastlane_core/lib/fastlane_core/ui/fastlane_runner.rb:74:in `run!'&#10;/Users/anilpathak/.rbenv/versions/2.3.1/lib/ruby/gems/2.3.0/gems/commander-fastlane-4.4.6/lib/commander/delegates.rb:15:in `run!'&#10;/Users/anilpathak/.rbenv/versions/2.3.1/lib/ruby/gems/2.3.0/gems/fastlane-2.101.1/fastlane/lib/fastlane/commands_generator.rb:333:in `run'&#10;/Users/anilpathak/.rbenv/versions/2.3.1/lib/ruby/gems/2.3.0/gems/fastlane-2.101.1/fastlane/lib/fastlane/commands_generator.rb:41:in `start'&#10;/Users/anilpathak/.rbenv/versions/2.3.1/lib/ruby/gems/2.3.0/gems/fastlane-2.101.1/fastlane/lib/fastlane/cli_tools_distributor.rb:108:in `take_off'&#10;/Users/anilpathak/.rbenv/versions/2.3.1/lib/ruby/gems/2.3.0/gems/fastlane-2.101.1/bin/fastlane:20:in `&lt;top (required)&gt;'&#10;/Users/anilpathak/.rbenv/versions/2.3.1/bin/fastlane:23:in `load'&#10;/Users/anilpathak/.rbenv/versions/2.3.1/bin/fastlane:23:in `&lt;main&gt;'&#10;&#10;Exit status of command '/Users/anilpathak/StudioProjects/customer-android/gradlew clean assemblestagingrelease -p .' was 1 instead of 0.&#10;Could not find google-services.json while looking in [src/production/debug, src/debug/production, src/production, src/debug, src/productionDebug]&#10;registerResGeneratingTask is deprecated, use registerGeneratedResFolders(FileCollection)&#10;Could not find google-services.json while looking in [src/production/release, src/release/production, src/production, src/release, src/productionRelease]&#10;registerResGeneratingTask is deprecated, use registerGeneratedResFolders(FileCollection)&#10;Could not find google-services.json while looking in [src/preprod/debug, src/debug/preprod, src/preprod, src/debug, src/preprodDebug]&#10;registerResGeneratingTask is deprecated, use registerGeneratedResFolders(FileCollection)&#10;Could not find google-services.json while looking in [src/preprod/release, src/release/preprod, src/preprod, src/release, src/preprodRelease]&#10;registerResGeneratingTask is deprecated, use registerGeneratedResFolders(FileCollection)&#10;Could not find google-services.json while looking in [src/staging/debug, src/debug/staging, src/staging, src/debug, src/stagingDebug]&#10;registerResGeneratingTask is deprecated, use registerGeneratedResFolders(FileCollection)&#10;Could not find google-services.json while looking in [src/staging/release, src/release/staging, src/staging, src/release, src/stagingRelease]&#10;registerResGeneratingTask is deprecated, use registerGeneratedResFolders(FileCollection)&#10;:clean UP-TO-DATE&#10;:app:clean&#10;:app:preBuild UP-TO-DATE&#10;:app:preStagingReleaseBuild&#10;:app:compileStagingReleaseAidl&#10;:app:compileStagingReleaseRenderscript&#10;:app:checkStagingReleaseManifest&#10;:app:generateStagingReleaseBuildConfig&#10;:app:prepareLintJar UP-TO-DATE&#10;:app:mainApkListPersistenceStagingRelease&#10;:app:mergeStagingReleaseShaders&#10;:app:compileStagingReleaseShaders&#10;:app:generateStagingReleaseAssets&#10;:app:mergeStagingReleaseAssets&#10;:app:processStagingReleaseGoogleServices&#10;Parsing json file: /Users/anilpathak/StudioProjects/customer-android/app/google-services.json&#10;:app:processStagingReleaseGoogleServices FAILED&#10;&#10;FAILURE: Build failed with an exception.&#10;&#10;* What went wrong:&#10;Execution failed for task ':app:processStagingReleaseGoogleServices'.&#10;&gt; com.google.gson.stream.MalformedJsonException: Expected ':' at line 110 column 14 path $.client[2].oauth_client[0].android_info.f&#10;&#10;* Try:&#10;Run with --stacktrace option to get the stack trace. Run with --info or --debug option to get more log output. Run with --scan to get full insights.&#10;&#10;* Get more help at https://help.gradle.org&#10;&#10;BUILD FAILED in 2s&#10;13 actionable tasks: 11 executed, 2 up-to-date&#10;" />

        </testcase>

    </testsuite>
</testsuites>
